{"D:\\Bitespeed\\app.js": {"path":"D:\\Bitespeed\\app.js","statementMap":{"0":{"start":{"line":7,"column":12},"end":{"line":7,"column":21}},"1":{"start":{"line":8,"column":13},"end":{"line":8,"column":37}},"2":{"start":{"line":10,"column":0},"end":{"line":10,"column":27}},"3":{"start":{"line":11,"column":0},"end":{"line":11,"column":28}},"4":{"start":{"line":13,"column":0},"end":{"line":19,"column":38}},"5":{"start":{"line":18,"column":14},"end":{"line":18,"column":46}},"6":{"start":{"line":19,"column":18},"end":{"line":19,"column":36}},"7":{"start":{"line":21,"column":0},"end":{"line":23,"column":3}},"8":{"start":{"line":22,"column":2},"end":{"line":22,"column":48}}},"fnMap":{"0":{"name":"(anonymous_0)","decl":{"start":{"line":18,"column":8},"end":{"line":18,"column":9}},"loc":{"start":{"line":18,"column":14},"end":{"line":18,"column":46}},"line":18},"1":{"name":"(anonymous_1)","decl":{"start":{"line":19,"column":9},"end":{"line":19,"column":10}},"loc":{"start":{"line":19,"column":18},"end":{"line":19,"column":36}},"line":19},"2":{"name":"(anonymous_2)","decl":{"start":{"line":21,"column":17},"end":{"line":21,"column":18}},"loc":{"start":{"line":21,"column":23},"end":{"line":23,"column":1}},"line":21}},"branchMap":{"0":{"loc":{"start":{"line":8,"column":13},"end":{"line":8,"column":37}},"type":"binary-expr","locations":[{"start":{"line":8,"column":13},"end":{"line":8,"column":29}},{"start":{"line":8,"column":33},"end":{"line":8,"column":37}}],"line":8}},"s":{"0":2,"1":2,"2":2,"3":2,"4":2,"5":2,"6":0,"7":2,"8":1},"f":{"0":2,"1":0,"2":1},"b":{"0":[2,2]},"_coverageSchema":"1a1c01bbd47fc00a2c39e90264f33305004495a9","hash":"bd934e855ba8b5a0e35e8ad8a2cca8d25a6c4273"}
,"D:\\Bitespeed\\controllers\\identifyController.js": {"path":"D:\\Bitespeed\\controllers\\identifyController.js","statementMap":{"0":{"start":{"line":3,"column":31},"end":{"line":86,"column":1}},"1":{"start":{"line":4,"column":33},"end":{"line":4,"column":41}},"2":{"start":{"line":6,"column":2},"end":{"line":10,"column":3}},"3":{"start":{"line":7,"column":4},"end":{"line":9,"column":66}},"4":{"start":{"line":12,"column":19},"end":{"line":14,"column":4}},"5":{"start":{"line":16,"column":2},"end":{"line":33,"column":3}},"6":{"start":{"line":17,"column":23},"end":{"line":21,"column":6}},"7":{"start":{"line":23,"column":4},"end":{"line":23,"column":28}},"8":{"start":{"line":25,"column":4},"end":{"line":32,"column":7}},"9":{"start":{"line":35,"column":23},"end":{"line":37,"column":3}},"10":{"start":{"line":36,"column":17},"end":{"line":36,"column":53}},"11":{"start":{"line":38,"column":2},"end":{"line":42,"column":3}},"12":{"start":{"line":39,"column":4},"end":{"line":39,"column":33}},"13":{"start":{"line":40,"column":4},"end":{"line":40,"column":46}},"14":{"start":{"line":41,"column":4},"end":{"line":41,"column":32}},"15":{"start":{"line":44,"column":28},"end":{"line":46,"column":3}},"16":{"start":{"line":45,"column":17},"end":{"line":45,"column":49}},"17":{"start":{"line":47,"column":30},"end":{"line":52,"column":4}},"18":{"start":{"line":54,"column":2},"end":{"line":54,"column":35}},"19":{"start":{"line":56,"column":2},"end":{"line":56,"column":40}},"20":{"start":{"line":57,"column":2},"end":{"line":57,"column":30}},"21":{"start":{"line":59,"column":19},"end":{"line":83,"column":3}},"22":{"start":{"line":65,"column":42},"end":{"line":65,"column":49}},"23":{"start":{"line":74,"column":42},"end":{"line":74,"column":55}},"24":{"start":{"line":81,"column":38},"end":{"line":81,"column":42}},"25":{"start":{"line":85,"column":2},"end":{"line":85,"column":34}}},"fnMap":{"0":{"name":"(anonymous_0)","decl":{"start":{"line":3,"column":31},"end":{"line":3,"column":32}},"loc":{"start":{"line":3,"column":51},"end":{"line":86,"column":1}},"line":3},"1":{"name":"(anonymous_1)","decl":{"start":{"line":36,"column":4},"end":{"line":36,"column":5}},"loc":{"start":{"line":36,"column":17},"end":{"line":36,"column":53}},"line":36},"2":{"name":"(anonymous_2)","decl":{"start":{"line":45,"column":4},"end":{"line":45,"column":5}},"loc":{"start":{"line":45,"column":17},"end":{"line":45,"column":49}},"line":45},"3":{"name":"(anonymous_3)","decl":{"start":{"line":65,"column":35},"end":{"line":65,"column":36}},"loc":{"start":{"line":65,"column":42},"end":{"line":65,"column":49}},"line":65},"4":{"name":"(anonymous_4)","decl":{"start":{"line":74,"column":35},"end":{"line":74,"column":36}},"loc":{"start":{"line":74,"column":42},"end":{"line":74,"column":55}},"line":74},"5":{"name":"(anonymous_5)","decl":{"start":{"line":81,"column":31},"end":{"line":81,"column":32}},"loc":{"start":{"line":81,"column":38},"end":{"line":81,"column":42}},"line":81}},"branchMap":{"0":{"loc":{"start":{"line":6,"column":2},"end":{"line":10,"column":3}},"type":"if","locations":[{"start":{"line":6,"column":2},"end":{"line":10,"column":3}},{"start":{},"end":{}}],"line":6},"1":{"loc":{"start":{"line":6,"column":6},"end":{"line":6,"column":28}},"type":"binary-expr","locations":[{"start":{"line":6,"column":6},"end":{"line":6,"column":12}},{"start":{"line":6,"column":16},"end":{"line":6,"column":28}}],"line":6},"2":{"loc":{"start":{"line":16,"column":2},"end":{"line":33,"column":3}},"type":"if","locations":[{"start":{"line":16,"column":2},"end":{"line":33,"column":3}},{"start":{},"end":{}}],"line":16},"3":{"loc":{"start":{"line":38,"column":2},"end":{"line":42,"column":3}},"type":"if","locations":[{"start":{"line":38,"column":2},"end":{"line":42,"column":3}},{"start":{},"end":{}}],"line":38}},"s":{"0":2,"1":0,"2":0,"3":0,"4":0,"5":0,"6":0,"7":0,"8":0,"9":0,"10":0,"11":0,"12":0,"13":0,"14":0,"15":0,"16":0,"17":0,"18":0,"19":0,"20":0,"21":0,"22":0,"23":0,"24":0,"25":0},"f":{"0":0,"1":0,"2":0,"3":0,"4":0,"5":0},"b":{"0":[0,0],"1":[0,0],"2":[0,0],"3":[0,0]},"_coverageSchema":"1a1c01bbd47fc00a2c39e90264f33305004495a9","hash":"1792fb3c0d85935157a0ae92c2b4d52ab5e8ad68"}
,"D:\\Bitespeed\\models\\contact.js": {"path":"D:\\Bitespeed\\models\\contact.js","statementMap":{"0":{"start":{"line":3,"column":22},"end":{"line":19,"column":2}},"1":{"start":{"line":21,"column":16},"end":{"line":21,"column":56}}},"fnMap":{},"branchMap":{},"s":{"0":2,"1":2},"f":{},"b":{},"_coverageSchema":"1a1c01bbd47fc00a2c39e90264f33305004495a9","hash":"9b0769393844d5c1441eab0cecbeef7bf2ae98d8"}
,"D:\\Bitespeed\\routes\\identify.js": {"path":"D:\\Bitespeed\\routes\\identify.js","statementMap":{"0":{"start":{"line":4,"column":15},"end":{"line":4,"column":31}},"1":{"start":{"line":6,"column":0},"end":{"line":6,"column":42}}},"fnMap":{},"branchMap":{},"s":{"0":2,"1":2},"f":{},"b":{},"_coverageSchema":"1a1c01bbd47fc00a2c39e90264f33305004495a9","hash":"c61d5f6580c0967b11ca7d3f33fb15ab412fa0f3"}
}
