TN:
SF:app.js
FN:18,(anonymous_0)
FN:19,(anonymous_1)
FN:21,(anonymous_2)
FNF:3
FNH:2
FNDA:2,(anonymous_0)
FNDA:0,(anonymous_1)
FNDA:1,(anonymous_2)
DA:7,2
DA:8,2
DA:10,2
DA:11,2
DA:13,2
DA:18,2
DA:19,0
DA:21,2
DA:22,1
LF:9
LH:8
BRDA:8,0,0,2
BRDA:8,0,1,2
BRF:2
BRH:2
end_of_record
TN:
SF:controllers\identifyController.js
FN:3,(anonymous_0)
FN:36,(anonymous_1)
FN:45,(anonymous_2)
FN:65,(anonymous_3)
FN:74,(anonymous_4)
FN:81,(anonymous_5)
FNF:6
FNH:0
FNDA:0,(anonymous_0)
FNDA:0,(anonymous_1)
FNDA:0,(anonymous_2)
FNDA:0,(anonymous_3)
FNDA:0,(anonymous_4)
FNDA:0,(anonymous_5)
DA:3,2
DA:4,0
DA:6,0
DA:7,0
DA:12,0
DA:16,0
DA:17,0
DA:23,0
DA:25,0
DA:35,0
DA:36,0
DA:38,0
DA:39,0
DA:40,0
DA:41,0
DA:44,0
DA:45,0
DA:47,0
DA:54,0
DA:56,0
DA:57,0
DA:59,0
DA:65,0
DA:74,0
DA:81,0
DA:85,0
LF:26
LH:1
BRDA:6,0,0,0
BRDA:6,0,1,0
BRDA:6,1,0,0
BRDA:6,1,1,0
BRDA:16,2,0,0
BRDA:16,2,1,0
BRDA:38,3,0,0
BRDA:38,3,1,0
BRF:8
BRH:0
end_of_record
TN:
SF:models\contact.js
FNF:0
FNH:0
DA:3,2
DA:21,2
LF:2
LH:2
BRF:0
BRH:0
end_of_record
TN:
SF:routes\identify.js
FNF:0
FNH:0
DA:4,2
DA:6,2
LF:2
LH:2
BRF:0
BRH:0
end_of_record
